Increment Time CutbackLevel Converged IterationsNeeded
           1  0.25000000000000000                0 T          10
           2  0.50000000000000000                0 T           1
           3  0.75000000000000000                0 T           4
           4   1.0000000000000000                0 T           7
           5   1.2500000000000000                0 T           8
           6   1.5000000000000000                0 T           7
           7   1.7500000000000000                0 T           8
           8   2.0000000000000000                0 T           7
           9   2.2500000000000000                0 T           6
          10   2.5000000000000000                0 T           6
          11   2.7500000000000000                0 T           5
          12   3.0000000000000000                0 T           5
          13   3.2500000000000000                0 T           5
          14   3.5000000000000000                0 T           5
          15   3.7500000000000000                0 T           5
          16   4.0000000000000000                0 T           5
          17   4.2500000000000000                0 T           4
          18   4.5000000000000000                0 T           5
          19   4.7500000000000000                0 T           4
          20   5.0000000000000000                0 T           4
          21   5.2500000000000000                0 T           4
          22   5.5000000000000000                0 T           3
          23   5.7500000000000000                0 T           4
          24   6.0000000000000000                0 T           3
          25   6.2500000000000000                0 T           3
          26   6.5000000000000000                0 T           4
          27   6.7500000000000000                0 T           3
          28   7.0000000000000000                0 T           2
          29   7.2500000000000000                0 T           3
          30   7.5000000000000000                0 T           3
          31   7.7500000000000000                0 T           2
          32   8.0000000000000000                0 T           2
          33   8.2500000000000000                0 T           3
          34   8.5000000000000000                0 T           1
          35   8.7500000000000000                0 T           2
          36   9.0000000000000000                0 T           3
          37   9.2500000000000000                0 T           1
          38   9.5000000000000000                0 T           2
          39   9.7500000000000000                0 T           3
          40   10.000000000000000                0 T           3
          41   11.000000000000000                0 T           7
          42   12.000000000000000                0 T          10
          43   13.000000000000000                0 T           8
          44   14.000000000000000                0 T           6
          45   15.000000000000000                0 T           6
          46   16.000000000000000                0 T           8
          47   17.000000000000000                0 T           6
          48   18.000000000000000                0 T           6
          49   19.000000000000000                0 T           6
          50   20.000000000000000                0 T           9
          51   21.000000000000000                0 T           8
          52   22.000000000000000                0 T          10
          53   23.000000000000000                0 T           7
          54   24.000000000000000                0 T           6
          55   25.000000000000000                0 T           6
          56   26.000000000000000                0 T           8
          57   27.000000000000000                0 T           9
          58   28.000000000000000                0 T           7
          59   29.000000000000000                0 T           5
          60   30.000000000000000                0 T           7
          61   31.000000000000000                0 T           6
          62   32.000000000000000                0 T           8
          63   33.000000000000000                0 T           6
          64   34.000000000000000                0 T           6
          65   35.000000000000000                0 T           6
          66   36.000000000000000                0 T           6
          67   37.000000000000000                0 T           8
          68   38.000000000000000                0 T           8
          69   39.000000000000000                0 T           6
          70   40.000000000000000                0 T           7
          71   41.000000000000000                0 T           5
          72   42.000000000000000                0 T           7
          73   43.000000000000000                0 T           6
          74   44.000000000000000                0 T           6
          75   45.000000000000000                0 T           6
          76   46.000000000000000                0 T           6
          77   47.000000000000000                0 T           6
          78   48.000000000000000                0 T           6
          79   49.000000000000000                0 T           6
          80   50.000000000000000                0 T           6
          81   51.000000000000000                0 T           6
          82   52.000000000000000                0 T           6
          83   53.000000000000000                0 T           6
          84   54.000000000000000                0 T           6
          85   55.000000000000000                0 T           5
          86   56.000000000000000                0 T           5
          87   57.000000000000000                0 T           7
          88   58.000000000000000                0 T           7
          89   59.000000000000000                0 T           7
          90   60.000000000000000                0 T           6
          91   61.000000000000000                0 T           8
          92   62.000000000000000                0 T           7
          93   63.000000000000000                0 T           8
          94   64.000000000000000                0 T           8
          95   65.000000000000000                0 T           8
          96   66.000000000000000                0 T           7
          97   67.000000000000000                0 T           8
          98   68.000000000000000                0 T           7
          99   69.000000000000000                0 T           7
         100   70.000000000000000                0 T           7
